<?xml version="1.0" encoding="UTF-8" ?>
<testsuite tests="15" failures="12" name="artIDAppium.TestC" time="892.754" errors="0" skipped="0">
  <properties>
[...]
</properties>
  <testcase classname="artIDAppium.TestC" name="titleAssetion" time="1.19"/>
  <testcase classname="artIDAppium.TestC" name="validateCheckoutButtonWithEmptyFields" time="1.058"/>
  <testcase classname="artIDAppium.TestC" name="validateMainItems" time="4.128"/>
  <testcase classname="artIDAppium.TestC" name="californiaTotalsTest" time="74.377">
    <failure message="Locator Strategy &apos;name&apos; is not supported for this session (WARNING: The server did not provide any stacktrace information)
Command duration or timeout: 6 milliseconds
For documentation on this error, please visit: http://seleniumhq.org/exceptions/invalid_selector_exception.html
Build info: version: &apos;2.44.0&apos;, revision: &apos;76d78cf323ce037c5f92db6c1bba601c2ac43ad8&apos;, time: &apos;2014-10-23 13:11:40&apos;
System info: host: &apos;Mikhails-MacBook-Pro.local&apos;, ip: &apos;192.168.2.5&apos;, os.name: &apos;Mac OS X&apos;, os.arch: &apos;x86_64&apos;, os.version: &apos;10.11.5&apos;, java.version: &apos;1.8.0_101&apos;
Driver info: io.appium.java_client.ios.IOSDriver
Capabilities [{networkConnectionEnabled=false, databaseEnabled=false, deviceName=iPhone 6, platform=MAC, showIOSLog=true, desired={showIOSLog=true, platformVersion=9.3, browserName=safari, platformName=iOS, deviceName=iPhone 6}, platformVersion=9.3, webStorageEnabled=false, locationContextEnabled=false, browserName=safari, takesScreenshot=true, javascriptEnabled=true, platformName=iOS}]
Session ID: b79e0da6-1e1e-4576-812d-7e06460ddde3" type="org.openqa.selenium.InvalidSelectorException">org.openqa.selenium.InvalidSelectorException: Locator Strategy &apos;name&apos; is not supported for this session (WARNING: The server did not provide any stacktrace information)
Command duration or timeout: 6 milliseconds
For documentation on this error, please visit: http://seleniumhq.org/exceptions/invalid_selector_exception.html
Build info: version: &apos;2.44.0&apos;, revision: &apos;76d78cf323ce037c5f92db6c1bba601c2ac43ad8&apos;, time: &apos;2014-10-23 13:11:40&apos;
System info: host: &apos;Mikhails-MacBook-Pro.local&apos;, ip: &apos;192.168.2.5&apos;, os.name: &apos;Mac OS X&apos;, os.arch: &apos;x86_64&apos;, os.version: &apos;10.11.5&apos;, java.version: &apos;1.8.0_101&apos;
Driver info: io.appium.java_client.ios.IOSDriver
Capabilities [{networkConnectionEnabled=false, databaseEnabled=false, deviceName=iPhone 6, platform=MAC, showIOSLog=true, desired={showIOSLog=true, platformVersion=9.3, browserName=safari, platformName=iOS, deviceName=iPhone 6}, platformVersion=9.3, webStorageEnabled=false, locationContextEnabled=false, browserName=safari, takesScreenshot=true, javascriptEnabled=true, platformName=iOS}]
Session ID: b79e0da6-1e1e-4576-812d-7e06460ddde3
	at sun.reflect.NativeConstructorAccessorImpl.newInstance0(Native Method)
	at sun.reflect.NativeConstructorAccessorImpl.newInstance(NativeConstructorAccessorImpl.java:62)
	at sun.reflect.DelegatingConstructorAccessorImpl.newInstance(DelegatingConstructorAccessorImpl.java:45)
	at java.lang.reflect.Constructor.newInstance(Constructor.java:423)
	at org.openqa.selenium.remote.ErrorHandler.createThrowable(ErrorHandler.java:204)
	at org.openqa.selenium.remote.ErrorHandler.throwIfResponseFailed(ErrorHandler.java:156)
	at org.openqa.selenium.remote.RemoteWebDriver.execute(RemoteWebDriver.java:599)
	at io.appium.java_client.AppiumDriver.execute(AppiumDriver.java:180)
	at org.openqa.selenium.remote.RemoteWebDriver.findElement(RemoteWebDriver.java:352)
	at org.openqa.selenium.remote.RemoteWebDriver.findElementByName(RemoteWebDriver.java:425)
	at org.openqa.selenium.By$ByName.findElement(By.java:299)
	at org.openqa.selenium.remote.RemoteWebDriver.findElement(RemoteWebDriver.java:344)
	at artIDAppium.MainCl.selectStateValue(MainCl.java:88)
	at artIDAppium.MainCl.navigateToResultsPage(MainCl.java:82)
	at artIDAppium.TestC.californiaTotalsTest(TestC.java:38)
</failure>
  </testcase>
  <testcase classname="artIDAppium.TestC" name="californiaSubTotalsTest" time="73.851">
    <failure message="Locator Strategy &apos;name&apos; is not supported for this session (WARNING: The server did not provide any stacktrace information)
Command duration or timeout: 6 milliseconds
For documentation on this error, please visit: http://seleniumhq.org/exceptions/invalid_selector_exception.html
Build info: version: &apos;2.44.0&apos;, revision: &apos;76d78cf323ce037c5f92db6c1bba601c2ac43ad8&apos;, time: &apos;2014-10-23 13:11:40&apos;
System info: host: &apos;Mikhails-MacBook-Pro.local&apos;, ip: &apos;192.168.2.5&apos;, os.name: &apos;Mac OS X&apos;, os.arch: &apos;x86_64&apos;, os.version: &apos;10.11.5&apos;, java.version: &apos;1.8.0_101&apos;
Driver info: io.appium.java_client.ios.IOSDriver
Capabilities [{networkConnectionEnabled=false, databaseEnabled=false, deviceName=iPhone 6, platform=MAC, showIOSLog=true, desired={showIOSLog=true, platformVersion=9.3, browserName=safari, platformName=iOS, deviceName=iPhone 6}, platformVersion=9.3, webStorageEnabled=false, locationContextEnabled=false, browserName=safari, takesScreenshot=true, javascriptEnabled=true, platformName=iOS}]
Session ID: b79e0da6-1e1e-4576-812d-7e06460ddde3" type="org.openqa.selenium.InvalidSelectorException">org.openqa.selenium.InvalidSelectorException: Locator Strategy &apos;name&apos; is not supported for this session (WARNING: The server did not provide any stacktrace information)
Command duration or timeout: 6 milliseconds
For documentation on this error, please visit: http://seleniumhq.org/exceptions/invalid_selector_exception.html
Build info: version: &apos;2.44.0&apos;, revision: &apos;76d78cf323ce037c5f92db6c1bba601c2ac43ad8&apos;, time: &apos;2014-10-23 13:11:40&apos;
System info: host: &apos;Mikhails-MacBook-Pro.local&apos;, ip: &apos;192.168.2.5&apos;, os.name: &apos;Mac OS X&apos;, os.arch: &apos;x86_64&apos;, os.version: &apos;10.11.5&apos;, java.version: &apos;1.8.0_101&apos;
Driver info: io.appium.java_client.ios.IOSDriver
Capabilities [{networkConnectionEnabled=false, databaseEnabled=false, deviceName=iPhone 6, platform=MAC, showIOSLog=true, desired={showIOSLog=true, platformVersion=9.3, browserName=safari, platformName=iOS, deviceName=iPhone 6}, platformVersion=9.3, webStorageEnabled=false, locationContextEnabled=false, browserName=safari, takesScreenshot=true, javascriptEnabled=true, platformName=iOS}]
Session ID: b79e0da6-1e1e-4576-812d-7e06460ddde3
	at sun.reflect.NativeConstructorAccessorImpl.newInstance0(Native Method)
	at sun.reflect.NativeConstructorAccessorImpl.newInstance(NativeConstructorAccessorImpl.java:62)
	at sun.reflect.DelegatingConstructorAccessorImpl.newInstance(DelegatingConstructorAccessorImpl.java:45)
	at java.lang.reflect.Constructor.newInstance(Constructor.java:423)
	at org.openqa.selenium.remote.ErrorHandler.createThrowable(ErrorHandler.java:204)
	at org.openqa.selenium.remote.ErrorHandler.throwIfResponseFailed(ErrorHandler.java:156)
	at org.openqa.selenium.remote.RemoteWebDriver.execute(RemoteWebDriver.java:599)
	at io.appium.java_client.AppiumDriver.execute(AppiumDriver.java:180)
	at org.openqa.selenium.remote.RemoteWebDriver.findElement(RemoteWebDriver.java:352)
	at org.openqa.selenium.remote.RemoteWebDriver.findElementByName(RemoteWebDriver.java:425)
	at org.openqa.selenium.By$ByName.findElement(By.java:299)
	at org.openqa.selenium.remote.RemoteWebDriver.findElement(RemoteWebDriver.java:344)
	at artIDAppium.MainCl.selectStateValue(MainCl.java:88)
	at artIDAppium.MainCl.navigateToResultsPage(MainCl.java:82)
	at artIDAppium.TestC.californiaSubTotalsTest(TestC.java:48)
</failure>
  </testcase>
  <testcase classname="artIDAppium.TestC" name="californiaPercentsTest" time="74.021">
    <failure message="Locator Strategy &apos;name&apos; is not supported for this session (WARNING: The server did not provide any stacktrace information)
Command duration or timeout: 4 milliseconds
For documentation on this error, please visit: http://seleniumhq.org/exceptions/invalid_selector_exception.html
Build info: version: &apos;2.44.0&apos;, revision: &apos;76d78cf323ce037c5f92db6c1bba601c2ac43ad8&apos;, time: &apos;2014-10-23 13:11:40&apos;
System info: host: &apos;Mikhails-MacBook-Pro.local&apos;, ip: &apos;192.168.2.5&apos;, os.name: &apos;Mac OS X&apos;, os.arch: &apos;x86_64&apos;, os.version: &apos;10.11.5&apos;, java.version: &apos;1.8.0_101&apos;
Driver info: io.appium.java_client.ios.IOSDriver
Capabilities [{networkConnectionEnabled=false, databaseEnabled=false, deviceName=iPhone 6, platform=MAC, showIOSLog=true, desired={showIOSLog=true, platformVersion=9.3, browserName=safari, platformName=iOS, deviceName=iPhone 6}, platformVersion=9.3, webStorageEnabled=false, locationContextEnabled=false, browserName=safari, takesScreenshot=true, javascriptEnabled=true, platformName=iOS}]
Session ID: b79e0da6-1e1e-4576-812d-7e06460ddde3" type="org.openqa.selenium.InvalidSelectorException">org.openqa.selenium.InvalidSelectorException: Locator Strategy &apos;name&apos; is not supported for this session (WARNING: The server did not provide any stacktrace information)
Command duration or timeout: 4 milliseconds
For documentation on this error, please visit: http://seleniumhq.org/exceptions/invalid_selector_exception.html
Build info: version: &apos;2.44.0&apos;, revision: &apos;76d78cf323ce037c5f92db6c1bba601c2ac43ad8&apos;, time: &apos;2014-10-23 13:11:40&apos;
System info: host: &apos;Mikhails-MacBook-Pro.local&apos;, ip: &apos;192.168.2.5&apos;, os.name: &apos;Mac OS X&apos;, os.arch: &apos;x86_64&apos;, os.version: &apos;10.11.5&apos;, java.version: &apos;1.8.0_101&apos;
Driver info: io.appium.java_client.ios.IOSDriver
Capabilities [{networkConnectionEnabled=false, databaseEnabled=false, deviceName=iPhone 6, platform=MAC, showIOSLog=true, desired={showIOSLog=true, platformVersion=9.3, browserName=safari, platformName=iOS, deviceName=iPhone 6}, platformVersion=9.3, webStorageEnabled=false, locationContextEnabled=false, browserName=safari, takesScreenshot=true, javascriptEnabled=true, platformName=iOS}]
Session ID: b79e0da6-1e1e-4576-812d-7e06460ddde3
	at sun.reflect.NativeConstructorAccessorImpl.newInstance0(Native Method)
	at sun.reflect.NativeConstructorAccessorImpl.newInstance(NativeConstructorAccessorImpl.java:62)
	at sun.reflect.DelegatingConstructorAccessorImpl.newInstance(DelegatingConstructorAccessorImpl.java:45)
	at java.lang.reflect.Constructor.newInstance(Constructor.java:423)
	at org.openqa.selenium.remote.ErrorHandler.createThrowable(ErrorHandler.java:204)
	at org.openqa.selenium.remote.ErrorHandler.throwIfResponseFailed(ErrorHandler.java:156)
	at org.openqa.selenium.remote.RemoteWebDriver.execute(RemoteWebDriver.java:599)
	at io.appium.java_client.AppiumDriver.execute(AppiumDriver.java:180)
	at org.openqa.selenium.remote.RemoteWebDriver.findElement(RemoteWebDriver.java:352)
	at org.openqa.selenium.remote.RemoteWebDriver.findElementByName(RemoteWebDriver.java:425)
	at org.openqa.selenium.By$ByName.findElement(By.java:299)
	at org.openqa.selenium.remote.RemoteWebDriver.findElement(RemoteWebDriver.java:344)
	at artIDAppium.MainCl.selectStateValue(MainCl.java:88)
	at artIDAppium.MainCl.navigateToResultsPage(MainCl.java:82)
	at artIDAppium.TestC.californiaPercentsTest(TestC.java:58)
</failure>
  </testcase>
  <testcase classname="artIDAppium.TestC" name="nyTestTotal" time="73.469">
    <failure message="Locator Strategy &apos;name&apos; is not supported for this session (WARNING: The server did not provide any stacktrace information)
Command duration or timeout: 5 milliseconds
For documentation on this error, please visit: http://seleniumhq.org/exceptions/invalid_selector_exception.html
Build info: version: &apos;2.44.0&apos;, revision: &apos;76d78cf323ce037c5f92db6c1bba601c2ac43ad8&apos;, time: &apos;2014-10-23 13:11:40&apos;
System info: host: &apos;Mikhails-MacBook-Pro.local&apos;, ip: &apos;192.168.2.5&apos;, os.name: &apos;Mac OS X&apos;, os.arch: &apos;x86_64&apos;, os.version: &apos;10.11.5&apos;, java.version: &apos;1.8.0_101&apos;
Driver info: io.appium.java_client.ios.IOSDriver
Capabilities [{networkConnectionEnabled=false, databaseEnabled=false, deviceName=iPhone 6, platform=MAC, showIOSLog=true, desired={showIOSLog=true, platformVersion=9.3, browserName=safari, platformName=iOS, deviceName=iPhone 6}, platformVersion=9.3, webStorageEnabled=false, locationContextEnabled=false, browserName=safari, takesScreenshot=true, javascriptEnabled=true, platformName=iOS}]
Session ID: b79e0da6-1e1e-4576-812d-7e06460ddde3" type="org.openqa.selenium.InvalidSelectorException">org.openqa.selenium.InvalidSelectorException: Locator Strategy &apos;name&apos; is not supported for this session (WARNING: The server did not provide any stacktrace information)
Command duration or timeout: 5 milliseconds
For documentation on this error, please visit: http://seleniumhq.org/exceptions/invalid_selector_exception.html
Build info: version: &apos;2.44.0&apos;, revision: &apos;76d78cf323ce037c5f92db6c1bba601c2ac43ad8&apos;, time: &apos;2014-10-23 13:11:40&apos;
System info: host: &apos;Mikhails-MacBook-Pro.local&apos;, ip: &apos;192.168.2.5&apos;, os.name: &apos;Mac OS X&apos;, os.arch: &apos;x86_64&apos;, os.version: &apos;10.11.5&apos;, java.version: &apos;1.8.0_101&apos;
Driver info: io.appium.java_client.ios.IOSDriver
Capabilities [{networkConnectionEnabled=false, databaseEnabled=false, deviceName=iPhone 6, platform=MAC, showIOSLog=true, desired={showIOSLog=true, platformVersion=9.3, browserName=safari, platformName=iOS, deviceName=iPhone 6}, platformVersion=9.3, webStorageEnabled=false, locationContextEnabled=false, browserName=safari, takesScreenshot=true, javascriptEnabled=true, platformName=iOS}]
Session ID: b79e0da6-1e1e-4576-812d-7e06460ddde3
	at sun.reflect.NativeConstructorAccessorImpl.newInstance0(Native Method)
	at sun.reflect.NativeConstructorAccessorImpl.newInstance(NativeConstructorAccessorImpl.java:62)
	at sun.reflect.DelegatingConstructorAccessorImpl.newInstance(DelegatingConstructorAccessorImpl.java:45)
	at java.lang.reflect.Constructor.newInstance(Constructor.java:423)
	at org.openqa.selenium.remote.ErrorHandler.createThrowable(ErrorHandler.java:204)
	at org.openqa.selenium.remote.ErrorHandler.throwIfResponseFailed(ErrorHandler.java:156)
	at org.openqa.selenium.remote.RemoteWebDriver.execute(RemoteWebDriver.java:599)
	at io.appium.java_client.AppiumDriver.execute(AppiumDriver.java:180)
	at org.openqa.selenium.remote.RemoteWebDriver.findElement(RemoteWebDriver.java:352)
	at org.openqa.selenium.remote.RemoteWebDriver.findElementByName(RemoteWebDriver.java:425)
	at org.openqa.selenium.By$ByName.findElement(By.java:299)
	at org.openqa.selenium.remote.RemoteWebDriver.findElement(RemoteWebDriver.java:344)
	at artIDAppium.MainCl.selectStateValue(MainCl.java:88)
	at artIDAppium.MainCl.navigateToResultsPage(MainCl.java:82)
	at artIDAppium.TestC.nyTestTotal(TestC.java:68)
</failure>
  </testcase>
  <testcase classname="artIDAppium.TestC" name="nyTestSubTotal" time="73.862">
    <failure message="Locator Strategy &apos;name&apos; is not supported for this session (WARNING: The server did not provide any stacktrace information)
Command duration or timeout: 5 milliseconds
For documentation on this error, please visit: http://seleniumhq.org/exceptions/invalid_selector_exception.html
Build info: version: &apos;2.44.0&apos;, revision: &apos;76d78cf323ce037c5f92db6c1bba601c2ac43ad8&apos;, time: &apos;2014-10-23 13:11:40&apos;
System info: host: &apos;Mikhails-MacBook-Pro.local&apos;, ip: &apos;192.168.2.5&apos;, os.name: &apos;Mac OS X&apos;, os.arch: &apos;x86_64&apos;, os.version: &apos;10.11.5&apos;, java.version: &apos;1.8.0_101&apos;
Driver info: io.appium.java_client.ios.IOSDriver
Capabilities [{networkConnectionEnabled=false, databaseEnabled=false, deviceName=iPhone 6, platform=MAC, showIOSLog=true, desired={showIOSLog=true, platformVersion=9.3, browserName=safari, platformName=iOS, deviceName=iPhone 6}, platformVersion=9.3, webStorageEnabled=false, locationContextEnabled=false, browserName=safari, takesScreenshot=true, javascriptEnabled=true, platformName=iOS}]
Session ID: b79e0da6-1e1e-4576-812d-7e06460ddde3" type="org.openqa.selenium.InvalidSelectorException">org.openqa.selenium.InvalidSelectorException: Locator Strategy &apos;name&apos; is not supported for this session (WARNING: The server did not provide any stacktrace information)
Command duration or timeout: 5 milliseconds
For documentation on this error, please visit: http://seleniumhq.org/exceptions/invalid_selector_exception.html
Build info: version: &apos;2.44.0&apos;, revision: &apos;76d78cf323ce037c5f92db6c1bba601c2ac43ad8&apos;, time: &apos;2014-10-23 13:11:40&apos;
System info: host: &apos;Mikhails-MacBook-Pro.local&apos;, ip: &apos;192.168.2.5&apos;, os.name: &apos;Mac OS X&apos;, os.arch: &apos;x86_64&apos;, os.version: &apos;10.11.5&apos;, java.version: &apos;1.8.0_101&apos;
Driver info: io.appium.java_client.ios.IOSDriver
Capabilities [{networkConnectionEnabled=false, databaseEnabled=false, deviceName=iPhone 6, platform=MAC, showIOSLog=true, desired={showIOSLog=true, platformVersion=9.3, browserName=safari, platformName=iOS, deviceName=iPhone 6}, platformVersion=9.3, webStorageEnabled=false, locationContextEnabled=false, browserName=safari, takesScreenshot=true, javascriptEnabled=true, platformName=iOS}]
Session ID: b79e0da6-1e1e-4576-812d-7e06460ddde3
	at sun.reflect.NativeConstructorAccessorImpl.newInstance0(Native Method)
	at sun.reflect.NativeConstructorAccessorImpl.newInstance(NativeConstructorAccessorImpl.java:62)
	at sun.reflect.DelegatingConstructorAccessorImpl.newInstance(DelegatingConstructorAccessorImpl.java:45)
	at java.lang.reflect.Constructor.newInstance(Constructor.java:423)
	at org.openqa.selenium.remote.ErrorHandler.createThrowable(ErrorHandler.java:204)
	at org.openqa.selenium.remote.ErrorHandler.throwIfResponseFailed(ErrorHandler.java:156)
	at org.openqa.selenium.remote.RemoteWebDriver.execute(RemoteWebDriver.java:599)
	at io.appium.java_client.AppiumDriver.execute(AppiumDriver.java:180)
	at org.openqa.selenium.remote.RemoteWebDriver.findElement(RemoteWebDriver.java:352)
	at org.openqa.selenium.remote.RemoteWebDriver.findElementByName(RemoteWebDriver.java:425)
	at org.openqa.selenium.By$ByName.findElement(By.java:299)
	at org.openqa.selenium.remote.RemoteWebDriver.findElement(RemoteWebDriver.java:344)
	at artIDAppium.MainCl.selectStateValue(MainCl.java:88)
	at artIDAppium.MainCl.navigateToResultsPage(MainCl.java:82)
	at artIDAppium.TestC.nyTestSubTotal(TestC.java:78)
</failure>
  </testcase>
  <testcase classname="artIDAppium.TestC" name="nyTestPercent" time="73.82">
    <failure message="Locator Strategy &apos;name&apos; is not supported for this session (WARNING: The server did not provide any stacktrace information)
Command duration or timeout: 5 milliseconds
For documentation on this error, please visit: http://seleniumhq.org/exceptions/invalid_selector_exception.html
Build info: version: &apos;2.44.0&apos;, revision: &apos;76d78cf323ce037c5f92db6c1bba601c2ac43ad8&apos;, time: &apos;2014-10-23 13:11:40&apos;
System info: host: &apos;Mikhails-MacBook-Pro.local&apos;, ip: &apos;192.168.2.5&apos;, os.name: &apos;Mac OS X&apos;, os.arch: &apos;x86_64&apos;, os.version: &apos;10.11.5&apos;, java.version: &apos;1.8.0_101&apos;
Driver info: io.appium.java_client.ios.IOSDriver
Capabilities [{networkConnectionEnabled=false, databaseEnabled=false, deviceName=iPhone 6, platform=MAC, showIOSLog=true, desired={showIOSLog=true, platformVersion=9.3, browserName=safari, platformName=iOS, deviceName=iPhone 6}, platformVersion=9.3, webStorageEnabled=false, locationContextEnabled=false, browserName=safari, takesScreenshot=true, javascriptEnabled=true, platformName=iOS}]
Session ID: b79e0da6-1e1e-4576-812d-7e06460ddde3" type="org.openqa.selenium.InvalidSelectorException">org.openqa.selenium.InvalidSelectorException: Locator Strategy &apos;name&apos; is not supported for this session (WARNING: The server did not provide any stacktrace information)
Command duration or timeout: 5 milliseconds
For documentation on this error, please visit: http://seleniumhq.org/exceptions/invalid_selector_exception.html
Build info: version: &apos;2.44.0&apos;, revision: &apos;76d78cf323ce037c5f92db6c1bba601c2ac43ad8&apos;, time: &apos;2014-10-23 13:11:40&apos;
System info: host: &apos;Mikhails-MacBook-Pro.local&apos;, ip: &apos;192.168.2.5&apos;, os.name: &apos;Mac OS X&apos;, os.arch: &apos;x86_64&apos;, os.version: &apos;10.11.5&apos;, java.version: &apos;1.8.0_101&apos;
Driver info: io.appium.java_client.ios.IOSDriver
Capabilities [{networkConnectionEnabled=false, databaseEnabled=false, deviceName=iPhone 6, platform=MAC, showIOSLog=true, desired={showIOSLog=true, platformVersion=9.3, browserName=safari, platformName=iOS, deviceName=iPhone 6}, platformVersion=9.3, webStorageEnabled=false, locationContextEnabled=false, browserName=safari, takesScreenshot=true, javascriptEnabled=true, platformName=iOS}]
Session ID: b79e0da6-1e1e-4576-812d-7e06460ddde3
	at sun.reflect.NativeConstructorAccessorImpl.newInstance0(Native Method)
	at sun.reflect.NativeConstructorAccessorImpl.newInstance(NativeConstructorAccessorImpl.java:62)
	at sun.reflect.DelegatingConstructorAccessorImpl.newInstance(DelegatingConstructorAccessorImpl.java:45)
	at java.lang.reflect.Constructor.newInstance(Constructor.java:423)
	at org.openqa.selenium.remote.ErrorHandler.createThrowable(ErrorHandler.java:204)
	at org.openqa.selenium.remote.ErrorHandler.throwIfResponseFailed(ErrorHandler.java:156)
	at org.openqa.selenium.remote.RemoteWebDriver.execute(RemoteWebDriver.java:599)
	at io.appium.java_client.AppiumDriver.execute(AppiumDriver.java:180)
	at org.openqa.selenium.remote.RemoteWebDriver.findElement(RemoteWebDriver.java:352)
	at org.openqa.selenium.remote.RemoteWebDriver.findElementByName(RemoteWebDriver.java:425)
	at org.openqa.selenium.By$ByName.findElement(By.java:299)
	at org.openqa.selenium.remote.RemoteWebDriver.findElement(RemoteWebDriver.java:344)
	at artIDAppium.MainCl.selectStateValue(MainCl.java:88)
	at artIDAppium.MainCl.navigateToResultsPage(MainCl.java:82)
	at artIDAppium.TestC.nyTestPercent(TestC.java:88)
</failure>
  </testcase>
  <testcase classname="artIDAppium.TestC" name="mnTestTotal" time="74.171">
    <failure message="Locator Strategy &apos;name&apos; is not supported for this session (WARNING: The server did not provide any stacktrace information)
Command duration or timeout: 5 milliseconds
For documentation on this error, please visit: http://seleniumhq.org/exceptions/invalid_selector_exception.html
Build info: version: &apos;2.44.0&apos;, revision: &apos;76d78cf323ce037c5f92db6c1bba601c2ac43ad8&apos;, time: &apos;2014-10-23 13:11:40&apos;
System info: host: &apos;Mikhails-MacBook-Pro.local&apos;, ip: &apos;192.168.2.5&apos;, os.name: &apos;Mac OS X&apos;, os.arch: &apos;x86_64&apos;, os.version: &apos;10.11.5&apos;, java.version: &apos;1.8.0_101&apos;
Driver info: io.appium.java_client.ios.IOSDriver
Capabilities [{networkConnectionEnabled=false, databaseEnabled=false, deviceName=iPhone 6, platform=MAC, showIOSLog=true, desired={showIOSLog=true, platformVersion=9.3, browserName=safari, platformName=iOS, deviceName=iPhone 6}, platformVersion=9.3, webStorageEnabled=false, locationContextEnabled=false, browserName=safari, takesScreenshot=true, javascriptEnabled=true, platformName=iOS}]
Session ID: b79e0da6-1e1e-4576-812d-7e06460ddde3" type="org.openqa.selenium.InvalidSelectorException">org.openqa.selenium.InvalidSelectorException: Locator Strategy &apos;name&apos; is not supported for this session (WARNING: The server did not provide any stacktrace information)
Command duration or timeout: 5 milliseconds
For documentation on this error, please visit: http://seleniumhq.org/exceptions/invalid_selector_exception.html
Build info: version: &apos;2.44.0&apos;, revision: &apos;76d78cf323ce037c5f92db6c1bba601c2ac43ad8&apos;, time: &apos;2014-10-23 13:11:40&apos;
System info: host: &apos;Mikhails-MacBook-Pro.local&apos;, ip: &apos;192.168.2.5&apos;, os.name: &apos;Mac OS X&apos;, os.arch: &apos;x86_64&apos;, os.version: &apos;10.11.5&apos;, java.version: &apos;1.8.0_101&apos;
Driver info: io.appium.java_client.ios.IOSDriver
Capabilities [{networkConnectionEnabled=false, databaseEnabled=false, deviceName=iPhone 6, platform=MAC, showIOSLog=true, desired={showIOSLog=true, platformVersion=9.3, browserName=safari, platformName=iOS, deviceName=iPhone 6}, platformVersion=9.3, webStorageEnabled=false, locationContextEnabled=false, browserName=safari, takesScreenshot=true, javascriptEnabled=true, platformName=iOS}]
Session ID: b79e0da6-1e1e-4576-812d-7e06460ddde3
	at sun.reflect.NativeConstructorAccessorImpl.newInstance0(Native Method)
	at sun.reflect.NativeConstructorAccessorImpl.newInstance(NativeConstructorAccessorImpl.java:62)
	at sun.reflect.DelegatingConstructorAccessorImpl.newInstance(DelegatingConstructorAccessorImpl.java:45)
	at java.lang.reflect.Constructor.newInstance(Constructor.java:423)
	at org.openqa.selenium.remote.ErrorHandler.createThrowable(ErrorHandler.java:204)
	at org.openqa.selenium.remote.ErrorHandler.throwIfResponseFailed(ErrorHandler.java:156)
	at org.openqa.selenium.remote.RemoteWebDriver.execute(RemoteWebDriver.java:599)
	at io.appium.java_client.AppiumDriver.execute(AppiumDriver.java:180)
	at org.openqa.selenium.remote.RemoteWebDriver.findElement(RemoteWebDriver.java:352)
	at org.openqa.selenium.remote.RemoteWebDriver.findElementByName(RemoteWebDriver.java:425)
	at org.openqa.selenium.By$ByName.findElement(By.java:299)
	at org.openqa.selenium.remote.RemoteWebDriver.findElement(RemoteWebDriver.java:344)
	at artIDAppium.MainCl.selectStateValue(MainCl.java:88)
	at artIDAppium.MainCl.navigateToResultsPage(MainCl.java:82)
	at artIDAppium.TestC.mnTestTotal(TestC.java:98)
</failure>
  </testcase>
  <testcase classname="artIDAppium.TestC" name="mnTestSubTotal" time="73.939">
    <failure message="Locator Strategy &apos;name&apos; is not supported for this session (WARNING: The server did not provide any stacktrace information)
Command duration or timeout: 6 milliseconds
For documentation on this error, please visit: http://seleniumhq.org/exceptions/invalid_selector_exception.html
Build info: version: &apos;2.44.0&apos;, revision: &apos;76d78cf323ce037c5f92db6c1bba601c2ac43ad8&apos;, time: &apos;2014-10-23 13:11:40&apos;
System info: host: &apos;Mikhails-MacBook-Pro.local&apos;, ip: &apos;192.168.2.5&apos;, os.name: &apos;Mac OS X&apos;, os.arch: &apos;x86_64&apos;, os.version: &apos;10.11.5&apos;, java.version: &apos;1.8.0_101&apos;
Driver info: io.appium.java_client.ios.IOSDriver
Capabilities [{networkConnectionEnabled=false, databaseEnabled=false, deviceName=iPhone 6, platform=MAC, showIOSLog=true, desired={showIOSLog=true, platformVersion=9.3, browserName=safari, platformName=iOS, deviceName=iPhone 6}, platformVersion=9.3, webStorageEnabled=false, locationContextEnabled=false, browserName=safari, takesScreenshot=true, javascriptEnabled=true, platformName=iOS}]
Session ID: b79e0da6-1e1e-4576-812d-7e06460ddde3" type="org.openqa.selenium.InvalidSelectorException">org.openqa.selenium.InvalidSelectorException: Locator Strategy &apos;name&apos; is not supported for this session (WARNING: The server did not provide any stacktrace information)
Command duration or timeout: 6 milliseconds
For documentation on this error, please visit: http://seleniumhq.org/exceptions/invalid_selector_exception.html
Build info: version: &apos;2.44.0&apos;, revision: &apos;76d78cf323ce037c5f92db6c1bba601c2ac43ad8&apos;, time: &apos;2014-10-23 13:11:40&apos;
System info: host: &apos;Mikhails-MacBook-Pro.local&apos;, ip: &apos;192.168.2.5&apos;, os.name: &apos;Mac OS X&apos;, os.arch: &apos;x86_64&apos;, os.version: &apos;10.11.5&apos;, java.version: &apos;1.8.0_101&apos;
Driver info: io.appium.java_client.ios.IOSDriver
Capabilities [{networkConnectionEnabled=false, databaseEnabled=false, deviceName=iPhone 6, platform=MAC, showIOSLog=true, desired={showIOSLog=true, platformVersion=9.3, browserName=safari, platformName=iOS, deviceName=iPhone 6}, platformVersion=9.3, webStorageEnabled=false, locationContextEnabled=false, browserName=safari, takesScreenshot=true, javascriptEnabled=true, platformName=iOS}]
Session ID: b79e0da6-1e1e-4576-812d-7e06460ddde3
	at sun.reflect.NativeConstructorAccessorImpl.newInstance0(Native Method)
	at sun.reflect.NativeConstructorAccessorImpl.newInstance(NativeConstructorAccessorImpl.java:62)
	at sun.reflect.DelegatingConstructorAccessorImpl.newInstance(DelegatingConstructorAccessorImpl.java:45)
	at java.lang.reflect.Constructor.newInstance(Constructor.java:423)
	at org.openqa.selenium.remote.ErrorHandler.createThrowable(ErrorHandler.java:204)
	at org.openqa.selenium.remote.ErrorHandler.throwIfResponseFailed(ErrorHandler.java:156)
	at org.openqa.selenium.remote.RemoteWebDriver.execute(RemoteWebDriver.java:599)
	at io.appium.java_client.AppiumDriver.execute(AppiumDriver.java:180)
	at org.openqa.selenium.remote.RemoteWebDriver.findElement(RemoteWebDriver.java:352)
	at org.openqa.selenium.remote.RemoteWebDriver.findElementByName(RemoteWebDriver.java:425)
	at org.openqa.selenium.By$ByName.findElement(By.java:299)
	at org.openqa.selenium.remote.RemoteWebDriver.findElement(RemoteWebDriver.java:344)
	at artIDAppium.MainCl.selectStateValue(MainCl.java:88)
	at artIDAppium.MainCl.navigateToResultsPage(MainCl.java:82)
	at artIDAppium.TestC.mnTestSubTotal(TestC.java:108)
</failure>
  </testcase>
  <testcase classname="artIDAppium.TestC" name="mnTestPercent" time="74.426">
    <failure message="Locator Strategy &apos;name&apos; is not supported for this session (WARNING: The server did not provide any stacktrace information)
Command duration or timeout: 7 milliseconds
For documentation on this error, please visit: http://seleniumhq.org/exceptions/invalid_selector_exception.html
Build info: version: &apos;2.44.0&apos;, revision: &apos;76d78cf323ce037c5f92db6c1bba601c2ac43ad8&apos;, time: &apos;2014-10-23 13:11:40&apos;
System info: host: &apos;Mikhails-MacBook-Pro.local&apos;, ip: &apos;192.168.2.5&apos;, os.name: &apos;Mac OS X&apos;, os.arch: &apos;x86_64&apos;, os.version: &apos;10.11.5&apos;, java.version: &apos;1.8.0_101&apos;
Driver info: io.appium.java_client.ios.IOSDriver
Capabilities [{networkConnectionEnabled=false, databaseEnabled=false, deviceName=iPhone 6, platform=MAC, showIOSLog=true, desired={showIOSLog=true, platformVersion=9.3, browserName=safari, platformName=iOS, deviceName=iPhone 6}, platformVersion=9.3, webStorageEnabled=false, locationContextEnabled=false, browserName=safari, takesScreenshot=true, javascriptEnabled=true, platformName=iOS}]
Session ID: b79e0da6-1e1e-4576-812d-7e06460ddde3" type="org.openqa.selenium.InvalidSelectorException">org.openqa.selenium.InvalidSelectorException: Locator Strategy &apos;name&apos; is not supported for this session (WARNING: The server did not provide any stacktrace information)
Command duration or timeout: 7 milliseconds
For documentation on this error, please visit: http://seleniumhq.org/exceptions/invalid_selector_exception.html
Build info: version: &apos;2.44.0&apos;, revision: &apos;76d78cf323ce037c5f92db6c1bba601c2ac43ad8&apos;, time: &apos;2014-10-23 13:11:40&apos;
System info: host: &apos;Mikhails-MacBook-Pro.local&apos;, ip: &apos;192.168.2.5&apos;, os.name: &apos;Mac OS X&apos;, os.arch: &apos;x86_64&apos;, os.version: &apos;10.11.5&apos;, java.version: &apos;1.8.0_101&apos;
Driver info: io.appium.java_client.ios.IOSDriver
Capabilities [{networkConnectionEnabled=false, databaseEnabled=false, deviceName=iPhone 6, platform=MAC, showIOSLog=true, desired={showIOSLog=true, platformVersion=9.3, browserName=safari, platformName=iOS, deviceName=iPhone 6}, platformVersion=9.3, webStorageEnabled=false, locationContextEnabled=false, browserName=safari, takesScreenshot=true, javascriptEnabled=true, platformName=iOS}]
Session ID: b79e0da6-1e1e-4576-812d-7e06460ddde3
	at sun.reflect.NativeConstructorAccessorImpl.newInstance0(Native Method)
	at sun.reflect.NativeConstructorAccessorImpl.newInstance(NativeConstructorAccessorImpl.java:62)
	at sun.reflect.DelegatingConstructorAccessorImpl.newInstance(DelegatingConstructorAccessorImpl.java:45)
	at java.lang.reflect.Constructor.newInstance(Constructor.java:423)
	at org.openqa.selenium.remote.ErrorHandler.createThrowable(ErrorHandler.java:204)
	at org.openqa.selenium.remote.ErrorHandler.throwIfResponseFailed(ErrorHandler.java:156)
	at org.openqa.selenium.remote.RemoteWebDriver.execute(RemoteWebDriver.java:599)
	at io.appium.java_client.AppiumDriver.execute(AppiumDriver.java:180)
	at org.openqa.selenium.remote.RemoteWebDriver.findElement(RemoteWebDriver.java:352)
	at org.openqa.selenium.remote.RemoteWebDriver.findElementByName(RemoteWebDriver.java:425)
	at org.openqa.selenium.By$ByName.findElement(By.java:299)
	at org.openqa.selenium.remote.RemoteWebDriver.findElement(RemoteWebDriver.java:344)
	at artIDAppium.MainCl.selectStateValue(MainCl.java:88)
	at artIDAppium.MainCl.navigateToResultsPage(MainCl.java:82)
	at artIDAppium.TestC.mnTestPercent(TestC.java:118)
</failure>
  </testcase>
  <testcase classname="artIDAppium.TestC" name="otherStateTestTotal" time="73.448">
    <failure message="Locator Strategy &apos;name&apos; is not supported for this session (WARNING: The server did not provide any stacktrace information)
Command duration or timeout: 4 milliseconds
For documentation on this error, please visit: http://seleniumhq.org/exceptions/invalid_selector_exception.html
Build info: version: &apos;2.44.0&apos;, revision: &apos;76d78cf323ce037c5f92db6c1bba601c2ac43ad8&apos;, time: &apos;2014-10-23 13:11:40&apos;
System info: host: &apos;Mikhails-MacBook-Pro.local&apos;, ip: &apos;192.168.2.5&apos;, os.name: &apos;Mac OS X&apos;, os.arch: &apos;x86_64&apos;, os.version: &apos;10.11.5&apos;, java.version: &apos;1.8.0_101&apos;
Driver info: io.appium.java_client.ios.IOSDriver
Capabilities [{networkConnectionEnabled=false, databaseEnabled=false, deviceName=iPhone 6, platform=MAC, showIOSLog=true, desired={showIOSLog=true, platformVersion=9.3, browserName=safari, platformName=iOS, deviceName=iPhone 6}, platformVersion=9.3, webStorageEnabled=false, locationContextEnabled=false, browserName=safari, takesScreenshot=true, javascriptEnabled=true, platformName=iOS}]
Session ID: b79e0da6-1e1e-4576-812d-7e06460ddde3" type="org.openqa.selenium.InvalidSelectorException">org.openqa.selenium.InvalidSelectorException: Locator Strategy &apos;name&apos; is not supported for this session (WARNING: The server did not provide any stacktrace information)
Command duration or timeout: 4 milliseconds
For documentation on this error, please visit: http://seleniumhq.org/exceptions/invalid_selector_exception.html
Build info: version: &apos;2.44.0&apos;, revision: &apos;76d78cf323ce037c5f92db6c1bba601c2ac43ad8&apos;, time: &apos;2014-10-23 13:11:40&apos;
System info: host: &apos;Mikhails-MacBook-Pro.local&apos;, ip: &apos;192.168.2.5&apos;, os.name: &apos;Mac OS X&apos;, os.arch: &apos;x86_64&apos;, os.version: &apos;10.11.5&apos;, java.version: &apos;1.8.0_101&apos;
Driver info: io.appium.java_client.ios.IOSDriver
Capabilities [{networkConnectionEnabled=false, databaseEnabled=false, deviceName=iPhone 6, platform=MAC, showIOSLog=true, desired={showIOSLog=true, platformVersion=9.3, browserName=safari, platformName=iOS, deviceName=iPhone 6}, platformVersion=9.3, webStorageEnabled=false, locationContextEnabled=false, browserName=safari, takesScreenshot=true, javascriptEnabled=true, platformName=iOS}]
Session ID: b79e0da6-1e1e-4576-812d-7e06460ddde3
	at sun.reflect.NativeConstructorAccessorImpl.newInstance0(Native Method)
	at sun.reflect.NativeConstructorAccessorImpl.newInstance(NativeConstructorAccessorImpl.java:62)
	at sun.reflect.DelegatingConstructorAccessorImpl.newInstance(DelegatingConstructorAccessorImpl.java:45)
	at java.lang.reflect.Constructor.newInstance(Constructor.java:423)
	at org.openqa.selenium.remote.ErrorHandler.createThrowable(ErrorHandler.java:204)
	at org.openqa.selenium.remote.ErrorHandler.throwIfResponseFailed(ErrorHandler.java:156)
	at org.openqa.selenium.remote.RemoteWebDriver.execute(RemoteWebDriver.java:599)
	at io.appium.java_client.AppiumDriver.execute(AppiumDriver.java:180)
	at org.openqa.selenium.remote.RemoteWebDriver.findElement(RemoteWebDriver.java:352)
	at org.openqa.selenium.remote.RemoteWebDriver.findElementByName(RemoteWebDriver.java:425)
	at org.openqa.selenium.By$ByName.findElement(By.java:299)
	at org.openqa.selenium.remote.RemoteWebDriver.findElement(RemoteWebDriver.java:344)
	at artIDAppium.MainCl.selectStateValue(MainCl.java:88)
	at artIDAppium.MainCl.navigateToResultsPage(MainCl.java:82)
	at artIDAppium.TestC.otherStateTestTotal(TestC.java:128)
</failure>
  </testcase>
  <testcase classname="artIDAppium.TestC" name="otherStateTestSubTotal" time="73.614">
    <failure message="Locator Strategy &apos;name&apos; is not supported for this session (WARNING: The server did not provide any stacktrace information)
Command duration or timeout: 4 milliseconds
For documentation on this error, please visit: http://seleniumhq.org/exceptions/invalid_selector_exception.html
Build info: version: &apos;2.44.0&apos;, revision: &apos;76d78cf323ce037c5f92db6c1bba601c2ac43ad8&apos;, time: &apos;2014-10-23 13:11:40&apos;
System info: host: &apos;Mikhails-MacBook-Pro.local&apos;, ip: &apos;192.168.2.5&apos;, os.name: &apos;Mac OS X&apos;, os.arch: &apos;x86_64&apos;, os.version: &apos;10.11.5&apos;, java.version: &apos;1.8.0_101&apos;
Driver info: io.appium.java_client.ios.IOSDriver
Capabilities [{networkConnectionEnabled=false, databaseEnabled=false, deviceName=iPhone 6, platform=MAC, showIOSLog=true, desired={showIOSLog=true, platformVersion=9.3, browserName=safari, platformName=iOS, deviceName=iPhone 6}, platformVersion=9.3, webStorageEnabled=false, locationContextEnabled=false, browserName=safari, takesScreenshot=true, javascriptEnabled=true, platformName=iOS}]
Session ID: b79e0da6-1e1e-4576-812d-7e06460ddde3" type="org.openqa.selenium.InvalidSelectorException">org.openqa.selenium.InvalidSelectorException: Locator Strategy &apos;name&apos; is not supported for this session (WARNING: The server did not provide any stacktrace information)
Command duration or timeout: 4 milliseconds
For documentation on this error, please visit: http://seleniumhq.org/exceptions/invalid_selector_exception.html
Build info: version: &apos;2.44.0&apos;, revision: &apos;76d78cf323ce037c5f92db6c1bba601c2ac43ad8&apos;, time: &apos;2014-10-23 13:11:40&apos;
System info: host: &apos;Mikhails-MacBook-Pro.local&apos;, ip: &apos;192.168.2.5&apos;, os.name: &apos;Mac OS X&apos;, os.arch: &apos;x86_64&apos;, os.version: &apos;10.11.5&apos;, java.version: &apos;1.8.0_101&apos;
Driver info: io.appium.java_client.ios.IOSDriver
Capabilities [{networkConnectionEnabled=false, databaseEnabled=false, deviceName=iPhone 6, platform=MAC, showIOSLog=true, desired={showIOSLog=true, platformVersion=9.3, browserName=safari, platformName=iOS, deviceName=iPhone 6}, platformVersion=9.3, webStorageEnabled=false, locationContextEnabled=false, browserName=safari, takesScreenshot=true, javascriptEnabled=true, platformName=iOS}]
Session ID: b79e0da6-1e1e-4576-812d-7e06460ddde3
	at sun.reflect.NativeConstructorAccessorImpl.newInstance0(Native Method)
	at sun.reflect.NativeConstructorAccessorImpl.newInstance(NativeConstructorAccessorImpl.java:62)
	at sun.reflect.DelegatingConstructorAccessorImpl.newInstance(DelegatingConstructorAccessorImpl.java:45)
	at java.lang.reflect.Constructor.newInstance(Constructor.java:423)
	at org.openqa.selenium.remote.ErrorHandler.createThrowable(ErrorHandler.java:204)
	at org.openqa.selenium.remote.ErrorHandler.throwIfResponseFailed(ErrorHandler.java:156)
	at org.openqa.selenium.remote.RemoteWebDriver.execute(RemoteWebDriver.java:599)
	at io.appium.java_client.AppiumDriver.execute(AppiumDriver.java:180)
	at org.openqa.selenium.remote.RemoteWebDriver.findElement(RemoteWebDriver.java:352)
	at org.openqa.selenium.remote.RemoteWebDriver.findElementByName(RemoteWebDriver.java:425)
	at org.openqa.selenium.By$ByName.findElement(By.java:299)
	at org.openqa.selenium.remote.RemoteWebDriver.findElement(RemoteWebDriver.java:344)
	at artIDAppium.MainCl.selectStateValue(MainCl.java:88)
	at artIDAppium.MainCl.navigateToResultsPage(MainCl.java:82)
	at artIDAppium.TestC.otherStateTestSubTotal(TestC.java:138)
</failure>
  </testcase>
  <testcase classname="artIDAppium.TestC" name="otherStatePercent" time="73.38">
    <failure message="Locator Strategy &apos;name&apos; is not supported for this session (WARNING: The server did not provide any stacktrace information)
Command duration or timeout: 4 milliseconds
For documentation on this error, please visit: http://seleniumhq.org/exceptions/invalid_selector_exception.html
Build info: version: &apos;2.44.0&apos;, revision: &apos;76d78cf323ce037c5f92db6c1bba601c2ac43ad8&apos;, time: &apos;2014-10-23 13:11:40&apos;
System info: host: &apos;Mikhails-MacBook-Pro.local&apos;, ip: &apos;192.168.2.5&apos;, os.name: &apos;Mac OS X&apos;, os.arch: &apos;x86_64&apos;, os.version: &apos;10.11.5&apos;, java.version: &apos;1.8.0_101&apos;
Driver info: io.appium.java_client.ios.IOSDriver
Capabilities [{networkConnectionEnabled=false, databaseEnabled=false, deviceName=iPhone 6, platform=MAC, showIOSLog=true, desired={showIOSLog=true, platformVersion=9.3, browserName=safari, platformName=iOS, deviceName=iPhone 6}, platformVersion=9.3, webStorageEnabled=false, locationContextEnabled=false, browserName=safari, takesScreenshot=true, javascriptEnabled=true, platformName=iOS}]
Session ID: b79e0da6-1e1e-4576-812d-7e06460ddde3" type="org.openqa.selenium.InvalidSelectorException">org.openqa.selenium.InvalidSelectorException: Locator Strategy &apos;name&apos; is not supported for this session (WARNING: The server did not provide any stacktrace information)
Command duration or timeout: 4 milliseconds
For documentation on this error, please visit: http://seleniumhq.org/exceptions/invalid_selector_exception.html
Build info: version: &apos;2.44.0&apos;, revision: &apos;76d78cf323ce037c5f92db6c1bba601c2ac43ad8&apos;, time: &apos;2014-10-23 13:11:40&apos;
System info: host: &apos;Mikhails-MacBook-Pro.local&apos;, ip: &apos;192.168.2.5&apos;, os.name: &apos;Mac OS X&apos;, os.arch: &apos;x86_64&apos;, os.version: &apos;10.11.5&apos;, java.version: &apos;1.8.0_101&apos;
Driver info: io.appium.java_client.ios.IOSDriver
Capabilities [{networkConnectionEnabled=false, databaseEnabled=false, deviceName=iPhone 6, platform=MAC, showIOSLog=true, desired={showIOSLog=true, platformVersion=9.3, browserName=safari, platformName=iOS, deviceName=iPhone 6}, platformVersion=9.3, webStorageEnabled=false, locationContextEnabled=false, browserName=safari, takesScreenshot=true, javascriptEnabled=true, platformName=iOS}]
Session ID: b79e0da6-1e1e-4576-812d-7e06460ddde3
	at sun.reflect.NativeConstructorAccessorImpl.newInstance0(Native Method)
	at sun.reflect.NativeConstructorAccessorImpl.newInstance(NativeConstructorAccessorImpl.java:62)
	at sun.reflect.DelegatingConstructorAccessorImpl.newInstance(DelegatingConstructorAccessorImpl.java:45)
	at java.lang.reflect.Constructor.newInstance(Constructor.java:423)
	at org.openqa.selenium.remote.ErrorHandler.createThrowable(ErrorHandler.java:204)
	at org.openqa.selenium.remote.ErrorHandler.throwIfResponseFailed(ErrorHandler.java:156)
	at org.openqa.selenium.remote.RemoteWebDriver.execute(RemoteWebDriver.java:599)
	at io.appium.java_client.AppiumDriver.execute(AppiumDriver.java:180)
	at org.openqa.selenium.remote.RemoteWebDriver.findElement(RemoteWebDriver.java:352)
	at org.openqa.selenium.remote.RemoteWebDriver.findElementByName(RemoteWebDriver.java:425)
	at org.openqa.selenium.By$ByName.findElement(By.java:299)
	at org.openqa.selenium.remote.RemoteWebDriver.findElement(RemoteWebDriver.java:344)
	at artIDAppium.MainCl.selectStateValue(MainCl.java:88)
	at artIDAppium.MainCl.navigateToResultsPage(MainCl.java:82)
	at artIDAppium.TestC.otherStatePercent(TestC.java:148)
</failure>
  </testcase>
</testsuite>